<?xml version="1.0" encoding="UTF-8"?>
<testng-results ignored="0" total="1" passed="1" failed="0" skipped="0">
  <reporter-output>
  </reporter-output>
  <suite started-at="2022-12-12T11:08:25 IST" name="Suite" finished-at="2022-12-12T11:08:49 IST" duration-ms="24108">
    <groups>
    </groups>
    <test started-at="2022-12-12T11:08:25 IST" name="Test" finished-at="2022-12-12T11:08:49 IST" duration-ms="24108">
      <class name="com.d_blaze.testScript.LoginTest">
        <test-method is-config="true" signature="setup()[pri:0, instance:com.d_blaze.testScript.LoginTest@33065d67]" started-at="2022-12-12T11:08:25 IST" name="setup" finished-at="2022-12-12T11:08:37 IST" duration-ms="12229" status="PASS">
          <reporter-output>
          </reporter-output>
        </test-method> <!-- setup -->
        <test-method signature="loginTest()[pri:0, instance:com.d_blaze.testScript.LoginTest@33065d67]" started-at="2022-12-12T11:08:37 IST" name="loginTest" finished-at="2022-12-12T11:08:47 IST" duration-ms="9399" status="PASS">
          <reporter-output>
          </reporter-output>
        </test-method> <!-- loginTest -->
        <test-method is-config="true" signature="tearDown()[pri:0, instance:com.d_blaze.testScript.LoginTest@33065d67]" started-at="2022-12-12T11:08:47 IST" name="tearDown" finished-at="2022-12-12T11:08:49 IST" duration-ms="2399" status="PASS">
          <reporter-output>
          </reporter-output>
        </test-method> <!-- tearDown -->
      </class> <!-- com.d_blaze.testScript.LoginTest -->
    </test> <!-- Test -->
  </suite> <!-- Suite -->
</testng-results>
